time="2022-12-30T15:39:44+08:00" level=error msg="master read error" error="read udp 127.0.0.1:39587->127.0.0.1:10800: read: connection refused" log=main
time="2022-12-30T15:39:44+08:00" level=error msg="master write error" error="write udp 127.0.0.1:39587->127.0.0.1:10800: write: connection refused" log=main
time="2022-12-30T15:40:58+08:00" level=error msg="master read error" error="read udp 127.0.0.1:55306->127.0.0.1:10800: read: connection refused" log=main
time="2022-12-30T15:40:58+08:00" level=error msg="master write error" error="write udp 127.0.0.1:55306->127.0.0.1:10800: write: connection refused" log=main
time="2022-12-30T15:41:47+08:00" level=info msg="[1 2 0 18 38 127 0 0 1 85 85 85 85 0 0 0 0 2 0 18 38 127 0 0 1 85 85 85 85 0 0 0 0 0 0 0 0]" log=main
time="2022-12-30T15:41:47+08:00" level=info msg="[1 2 0 18 38 127 0 0 1 85 85 85 85 0 0 0 0 2 0 18 38 127 0 0 1 85 85 85 85 0 0 0 0 0 0 0 0]" log=main
time="2022-12-30T15:41:47+08:00" level=info msg="[1 2 0 18 38 127 0 0 1 85 85 85 85 0 0 0 0 2 0 18 38 127 0 0 1 85 85 85 85 0 0 0 0 0 0 0 0]" log=main
time="2022-12-30T15:41:47+08:00" level=info msg="[1 2 0 18 38 127 0 0 1 85 85 85 85 0 0 0 0 2 0 18 38 127 0 0 1 85 85 85 85 0 0 0 0 0 0 0 0]" log=main
time="2022-12-30T15:41:47+08:00" level=info msg="[1 2 0 18 38 127 0 0 1 85 85 85 85 0 0 0 0 2 0 18 38 127 0 0 1 85 85 85 85 0 0 0 0 94 44 0 0]" log=main
time="2022-12-30T15:41:47+08:00" level=info msg="[3]" log=main
time="2022-12-30T15:41:47+08:00" level=info msg="[3]" log=main
time="2022-12-30T15:41:47+08:00" level=info msg="[3]" log=main
time="2022-12-30T15:41:47+08:00" level=info msg="[3]" log=main
time="2022-12-30T15:41:47+08:00" level=info msg="[3]" log=main
time="2022-12-30T15:41:47+08:00" level=info msg="[5 110 115 101 217 255 196 110 72 141 124 161 146 49 52 114 149 0 0 1 0 40 0 0 74 1 5 121 111 117 109 117 0 32 0 0 0 0 0 0 0 177 47 68 0 75 2 238 6 0 0 0 0 0 0 0 0 51 1 0 0 18 0 0 0]" log=main
time="2022-12-30T15:41:47+08:00" level=info msg="[6 0 0 0 0 16 0 0 0 68 0 0 0 121 111 117 109 117 0 0 144 0 0 0 160 0 0 0 168 0 0 0 170 0 0 0 172 0 0 0 176 0 0 0 178 121 111 117 109 117 0 0 184 0 0 0 188 0 0 128 188 0 0 0 189 0 0 64 189 0 0 128 189 0 0 192 189 0 0 0 0]" log=main
time="2022-12-30T15:41:47+08:00" level=info msg="[4 228 206 44 2]" log=main
time="2022-12-30T15:41:47+08:00" level=info msg="[4 1 0 0 0]" log=main
time="2022-12-30T15:41:48+08:00" level=info msg="[4 1 0 0 0]" log=main
time="2022-12-30T15:41:48+08:00" level=info msg="[4 1 0 0 0]" log=main
time="2022-12-30T15:41:48+08:00" level=info msg="[14 1 3]" log=main
time="2022-12-30T15:41:48+08:00" level=info msg="[14 1 3]" log=main
time="2022-12-30T15:41:48+08:00" level=info msg="[13 3 1 0 0 0 3 2 0 0 0 0]" log=main
time="2022-12-30T15:41:48+08:00" level=info msg="[14 1 3]" log=main
time="2022-12-30T15:41:48+08:00" level=info msg="[13 2 3]" log=main
time="2022-12-30T15:41:48+08:00" level=info msg="[13 3 2 0 0 0 3 4 0 0 0 0 0 0 0 0]" log=main
time="2022-12-30T15:41:48+08:00" level=info msg="[14 3 0 0 0 0 3 1 0 0]" log=main
time="2022-12-30T15:41:48+08:00" level=info msg="[13 3 3 0 0 0 3 6 0 0 0 0 0 0 0 0 0 0 0 0]" log=main
time="2022-12-30T15:41:48+08:00" level=info msg="[14 3 3 0 0 0 3 1 0 0]" log=main
time="2022-12-30T15:41:48+08:00" level=info msg="[13 3 4 0 0 0 3 2 0 0 0 0]" log=main
time="2022-12-30T15:41:48+08:00" level=info msg="[14 3 4 0 0 0 3 1 0 0]" log=main
time="2022-12-30T15:41:48+08:00" level=info msg="[13 3 5 0 0 0 3 2 0 0 0 0]" log=main
time="2022-12-30T15:41:48+08:00" level=info msg="[14 3 5 0 0 0 3 1 0 0]" log=main
time="2022-12-30T15:41:48+08:00" level=info msg="[13 3 6 0 0 0 3 2 0 0 0 0]" log=main
time="2022-12-30T15:41:48+08:00" level=info msg="[14 3 6 0 0 0 3 1 0 0]" log=main
time="2022-12-30T15:41:48+08:00" level=info msg="[13 3 7 0 0 0 3 2 0 0 0 0]" log=main
time="2022-12-30T15:41:48+08:00" level=info msg="[14 3 7 0 0 0 3 1 0 0]" log=main
time="2022-12-30T15:41:48+08:00" level=info msg="[13 3 8 0 0 0 3 2 0 0 0 0]" log=main
time="2022-12-30T15:41:48+08:00" level=info msg="[14 3 8 0 0 0 3 1 0 0]" log=main
time="2022-12-30T15:41:48+08:00" level=info msg="[13 3 9 0 0 0 3 2 0 0 0 0]" log=main
time="2022-12-30T15:41:48+08:00" level=info msg="[14 3 9 0 0 0 3 1 0 0]" log=main
time="2022-12-30T15:41:48+08:00" level=info msg="[13 3 10 0 0 0 3 2 0 0 0 0]" log=main
time="2022-12-30T15:41:48+08:00" level=info msg="[14 3 10 0 0 0 3 1 0 0]" log=main
time="2022-12-30T15:41:48+08:00" level=info msg="[13 3 11 0 0 0 3 2 0 0 0 0]" log=main
time="2022-12-30T15:41:48+08:00" level=info msg="[14 3 11 0 0 0 3 1 0 0]" log=main
time="2022-12-30T15:41:48+08:00" level=info msg="[13 3 12 0 0 0 3 2 0 0 0 0]" log=main
time="2022-12-30T15:41:48+08:00" level=info msg="[14 3 12 0 0 0 3 1 0 0]" log=main
time="2022-12-30T15:41:48+08:00" level=info msg="[13 3 13 0 0 0 3 2 0 0 0 0]" log=main
time="2022-12-30T15:41:48+08:00" level=info msg="[14 3 13 0 0 0 3 1 0 0]" log=main
time="2022-12-30T15:41:48+08:00" level=info msg="[13 3 14 0 0 0 3 2 0 0 0 0]" log=main
time="2022-12-30T15:41:48+08:00" level=info msg="[14 3 14 0 0 0 3 1 0 0]" log=main
time="2022-12-30T15:41:48+08:00" level=info msg="[13 3 15 0 0 0 3 2 0 0 0 0]" log=main
time="2022-12-30T15:41:48+08:00" level=info msg="[14 3 15 0 0 0 3 1 0 0]" log=main
time="2022-12-30T15:41:48+08:00" level=info msg="[13 3 16 0 0 0 3 2 0 0 0 0]" log=main
time="2022-12-30T15:41:48+08:00" level=info msg="[14 3 16 0 0 0 3 1 0 0]" log=main
time="2022-12-30T15:41:48+08:00" level=info msg="[13 3 17 0 0 0 3 2 0 0 0 0]" log=main
time="2022-12-30T15:41:48+08:00" level=info msg="[4 1 0 0 0]" log=main
time="2022-12-30T15:41:48+08:00" level=info msg="[14 3 17 0 0 0 3 1 0 0]" log=main
time="2022-12-30T15:41:48+08:00" level=info msg="[13 3 18 0 0 0 3 2 0 0 0 0]" log=main
time="2022-12-30T15:41:48+08:00" level=info msg="[14 3 18 0 0 0 3 1 0 0]" log=main
time="2022-12-30T15:41:48+08:00" level=info msg="[13 3 19 0 0 0 3 2 0 0 0 0]" log=main
time="2022-12-30T15:41:48+08:00" level=info msg="[14 3 19 0 0 0 3 1 0 0]" log=main
time="2022-12-30T15:41:48+08:00" level=info msg="[13 3 20 0 0 0 3 2 0 0 0 0]" log=main
time="2022-12-30T15:41:48+08:00" level=info msg="[14 3 20 0 0 0 3 1 0 0]" log=main
time="2022-12-30T15:41:48+08:00" level=info msg="[13 3 21 0 0 0 3 2 0 0 0 0]" log=main
time="2022-12-30T15:41:48+08:00" level=info msg="[14 3 21 0 0 0 3 1 0 0]" log=main
time="2022-12-30T15:41:48+08:00" level=info msg="[4 1 0 0 0]" log=main
time="2022-12-30T15:41:48+08:00" level=info msg="[13 3 22 0 0 0 3 2 0 0 0 0]" log=main
time="2022-12-30T15:41:48+08:00" level=info msg="[14 3 22 0 0 0 3 1 0 0]" log=main
time="2022-12-30T15:41:48+08:00" level=info msg="[13 3 23 0 0 0 3 2 0 0 0 0]" log=main
time="2022-12-30T15:41:48+08:00" level=info msg="[14 3 23 0 0 0 3 1 0 0]" log=main
time="2022-12-30T15:41:48+08:00" level=info msg="[13 3 24 0 0 0 3 2 0 0 0 0]" log=main
time="2022-12-30T15:41:48+08:00" level=info msg="[14 3 24 0 0 0 3 1 0 0]" log=main
time="2022-12-30T15:41:48+08:00" level=info msg="[13 3 25 0 0 0 3 2 0 0 0 0]" log=main
time="2022-12-30T15:41:48+08:00" level=info msg="[14 3 25 0 0 0 3 1 0 0]" log=main
time="2022-12-30T15:41:48+08:00" level=info msg="[13 3 26 0 0 0 3 2 0 0 0 0]" log=main
time="2022-12-30T15:41:48+08:00" level=info msg="[14 3 26 0 0 0 3 1 0 0]" log=main
time="2022-12-30T15:41:48+08:00" level=info msg="[13 3 27 0 0 0 3 2 0 0 0 0]" log=main
time="2022-12-30T15:41:48+08:00" level=info msg="[14 3 27 0 0 0 3 1 0 0]" log=main
time="2022-12-30T15:41:48+08:00" level=info msg="[13 3 28 0 0 0 3 2 0 0 0 0]" log=main
time="2022-12-30T15:41:48+08:00" level=info msg="[14 3 28 0 0 0 3 1 0 0]" log=main
time="2022-12-30T15:41:48+08:00" level=info msg="[13 3 29 0 0 0 3 2 0 0 0 0]" log=main
time="2022-12-30T15:41:48+08:00" level=info msg="[14 3 29 0 0 0 3 1 0 0]" log=main
time="2022-12-30T15:41:48+08:00" level=info msg="[13 3 30 0 0 0 3 2 0 0 0 0]" log=main
time="2022-12-30T15:41:48+08:00" level=info msg="[14 3 30 0 0 0 3 1 0 0]" log=main
time="2022-12-30T15:41:48+08:00" level=info msg="[13 3 31 0 0 0 3 2 0 0 0 0]" log=main
time="2022-12-30T15:41:48+08:00" level=info msg="[14 3 31 0 0 0 3 1 0 0]" log=main
time="2022-12-30T15:41:48+08:00" level=info msg="[13 3 32 0 0 0 3 2 0 0 0 0]" log=main
time="2022-12-30T15:41:48+08:00" level=info msg="[14 3 32 0 0 0 3 1 0 0]" log=main
time="2022-12-30T15:41:48+08:00" level=info msg="[13 3 33 0 0 0 3 2 0 0 0 0]" log=main
time="2022-12-30T15:41:48+08:00" level=info msg="[14 3 33 0 0 0 3 1 0 0]" log=main
time="2022-12-30T15:41:48+08:00" level=info msg="[13 3 34 0 0 0 3 2 0 0 0 0]" log=main
time="2022-12-30T15:41:48+08:00" level=info msg="[14 3 34 0 0 0 3 1 0 0]" log=main
time="2022-12-30T15:41:48+08:00" level=info msg="[13 3 35 0 0 0 3 2 0 0 0 0]" log=main
time="2022-12-30T15:41:48+08:00" level=info msg="[14 3 35 0 0 0 3 1 0 0]" log=main
time="2022-12-30T15:41:48+08:00" level=info msg="[13 3 36 0 0 0 3 2 0 0 0 0]" log=main
time="2022-12-30T15:41:48+08:00" level=info msg="[14 3 36 0 0 0 3 1 0 0]" log=main
time="2022-12-30T15:41:48+08:00" level=info msg="[13 3 37 0 0 0 3 2 0 0 0 0]" log=main
time="2022-12-30T15:41:48+08:00" level=info msg="[14 3 37 0 0 0 3 1 0 0]" log=main
time="2022-12-30T15:41:48+08:00" level=info msg="[13 3 38 0 0 0 3 2 0 0 0 0]" log=main
time="2022-12-30T15:41:48+08:00" level=info msg="[14 3 38 0 0 0 3 1 0 0]" log=main
time="2022-12-30T15:41:48+08:00" level=info msg="[13 3 39 0 0 0 3 2 0 0 0 0]" log=main
time="2022-12-30T15:41:48+08:00" level=info msg="[14 3 39 0 0 0 3 1 0 0]" log=main
time="2022-12-30T15:41:48+08:00" level=info msg="[13 3 40 0 0 0 3 2 0 0 0 0]" log=main
time="2022-12-30T15:41:48+08:00" level=info msg="[14 3 40 0 0 0 3 1 0 0]" log=main
time="2022-12-30T15:41:48+08:00" level=info msg="[13 3 41 0 0 0 3 2 0 0 0 0]" log=main
time="2022-12-30T15:41:48+08:00" level=info msg="[14 3 41 0 0 0 3 1 0 0]" log=main
time="2022-12-30T15:41:48+08:00" level=info msg="[13 3 42 0 0 0 3 2 0 0 0 0]" log=main
time="2022-12-30T15:41:48+08:00" level=info msg="[14 3 42 0 0 0 3 1 0 0]" log=main
time="2022-12-30T15:41:48+08:00" level=info msg="[13 3 43 0 0 0 3 2 0 0 0 0]" log=main
time="2022-12-30T15:41:48+08:00" level=info msg="[14 3 43 0 0 0 3 1 0 0]" log=main
time="2022-12-30T15:41:48+08:00" level=info msg="[13 3 44 0 0 0 3 2 0 0 0 0]" log=main
time="2022-12-30T15:41:48+08:00" level=info msg="[14 3 44 0 0 0 3 1 0 0]" log=main
time="2022-12-30T15:41:48+08:00" level=info msg="[13 3 45 0 0 0 3 2 0 0 0 0]" log=main
time="2022-12-30T15:41:48+08:00" level=info msg="[14 3 45 0 0 0 3 1 0 0]" log=main
time="2022-12-30T15:41:49+08:00" level=info msg="[13 3 46 0 0 0 3 2 0 0 0 0]" log=main
time="2022-12-30T15:41:49+08:00" level=info msg="[14 3 46 0 0 0 3 1 0 0]" log=main
time="2022-12-30T15:41:49+08:00" level=info msg="[13 3 47 0 0 0 3 2 0 0 0 0]" log=main
time="2022-12-30T15:41:49+08:00" level=info msg="[14 3 46 0 0 0 3 1 0 0]" log=main
time="2022-12-30T15:41:49+08:00" level=info msg="[4 1 0 0 0]" log=main
time="2022-12-30T15:41:49+08:00" level=info msg="[13 3 48 0 0 0 3 4 0 0 0 0 0 0 0 0]" log=main
time="2022-12-30T15:41:49+08:00" level=info msg="[14 3 47 0 0 0 3 1 0 0]" log=main
time="2022-12-30T15:41:49+08:00" level=info msg="[14 3 48 0 0 0 3 1 0 0]" log=main
time="2022-12-30T15:41:49+08:00" level=info msg="[13 3 49 0 0 0 3 4 0 0 0 0 0 0 0 0]" log=main
time="2022-12-30T15:41:49+08:00" level=info msg="[14 3 49 0 0 0 3 1 0 0]" log=main
time="2022-12-30T15:41:49+08:00" level=info msg="[13 3 50 0 0 0 3 2 0 0 0 0]" log=main
time="2022-12-30T15:41:49+08:00" level=info msg="[14 3 50 0 0 0 3 1 0 0]" log=main
time="2022-12-30T15:41:49+08:00" level=info msg="[13 3 51 0 0 0 3 2 0 0 0 0]" log=main
time="2022-12-30T15:41:49+08:00" level=info msg="[4 1 0 0 0]" log=main
time="2022-12-30T15:41:49+08:00" level=info msg="[14 3 51 0 0 0 3 1 0 0]" log=main
time="2022-12-30T15:41:49+08:00" level=info msg="[13 3 52 0 0 0 3 2 0 0 0 0]" log=main
time="2022-12-30T15:41:49+08:00" level=info msg="[14 3 52 0 0 0 3 1 0 0]" log=main
time="2022-12-30T15:41:49+08:00" level=info msg="[13 3 53 0 0 0 3 2 0 0 0 0]" log=main
time="2022-12-30T15:41:49+08:00" level=info msg="[14 3 53 0 0 0 3 1 0 0]" log=main
time="2022-12-30T15:41:49+08:00" level=info msg="[13 3 54 0 0 0 3 2 0 0 0 0]" log=main
time="2022-12-30T15:41:49+08:00" level=info msg="[14 3 54 0 0 0 3 1 4 0]" log=main
time="2022-12-30T15:41:49+08:00" level=info msg="[13 3 55 0 0 0 3 2 0 0 4 0]" log=main
time="2022-12-30T15:41:49+08:00" level=info msg="[14 3 55 0 0 0 3 1 4 0]" log=main
time="2022-12-30T15:41:49+08:00" level=info msg="[13 3 56 0 0 0 3 2 0 0 4 0]" log=main
time="2022-12-30T15:41:49+08:00" level=info msg="[14 3 56 0 0 0 3 1 4 0]" log=main
time="2022-12-30T15:41:49+08:00" level=info msg="[13 3 57 0 0 0 3 2 0 0 4 0]" log=main
time="2022-12-30T15:41:49+08:00" level=info msg="[14 3 57 0 0 0 3 1 4 0]" log=main
time="2022-12-30T15:41:49+08:00" level=info msg="[13 3 58 0 0 0 3 2 0 0 4 0]" log=main
time="2022-12-30T15:41:49+08:00" level=info msg="[14 3 58 0 0 0 3 1 4 0]" log=main
time="2022-12-30T15:41:49+08:00" level=info msg="[13 3 59 0 0 0 3 2 0 0 4 0]" log=main
time="2022-12-30T15:41:49+08:00" level=info msg="[14 3 59 0 0 0 3 1 0 0]" log=main
time="2022-12-30T15:41:49+08:00" level=info msg="[13 3 60 0 0 0 3 2 0 0 0 0]" log=main
time="2022-12-30T15:41:49+08:00" level=info msg="[14 3 60 0 0 0 3 1 0 0]" log=main
time="2022-12-30T15:41:49+08:00" level=info msg="[13 3 61 0 0 0 3 2 0 0 0 0]" log=main
time="2022-12-30T15:41:49+08:00" level=info msg="[14 3 61 0 0 0 3 1 0 0]" log=main
time="2022-12-30T15:41:49+08:00" level=info msg="[13 3 62 0 0 0 3 2 0 0 0 0]" log=main
time="2022-12-30T15:41:49+08:00" level=info msg="[14 3 62 0 0 0 3 1 0 0]" log=main
time="2022-12-30T15:41:49+08:00" level=info msg="[13 3 63 0 0 0 3 2 0 0 0 0]" log=main
time="2022-12-30T15:41:49+08:00" level=info msg="[14 3 63 0 0 0 3 1 4 0]" log=main
time="2022-12-30T15:41:49+08:00" level=info msg="[13 3 64 0 0 0 3 2 0 0 4 0]" log=main
time="2022-12-30T15:41:49+08:00" level=info msg="[14 3 64 0 0 0 3 1 4 0]" log=main
time="2022-12-30T15:41:49+08:00" level=info msg="[13 3 65 0 0 0 3 2 0 0 4 0]" log=main
time="2022-12-30T15:41:49+08:00" level=info msg="[14 3 65 0 0 0 3 1 4 0]" log=main
time="2022-12-30T15:41:49+08:00" level=info msg="[13 3 66 0 0 0 3 2 0 0 4 0]" log=main
time="2022-12-30T15:41:49+08:00" level=info msg="[14 3 66 0 0 0 3 1 4 0]" log=main
time="2022-12-30T15:41:49+08:00" level=info msg="[13 3 67 0 0 0 3 2 0 0 4 0]" log=main
time="2022-12-30T15:41:49+08:00" level=info msg="[14 3 67 0 0 0 3 1 4 0]" log=main
time="2022-12-30T15:41:49+08:00" level=info msg="[13 3 68 0 0 0 3 2 0 0 4 0]" log=main
time="2022-12-30T15:41:49+08:00" level=info msg="[14 3 68 0 0 0 3 1 0 0]" log=main
time="2022-12-30T15:41:49+08:00" level=info msg="[13 3 69 0 0 0 3 2 0 0 0 0]" log=main
time="2022-12-30T15:41:49+08:00" level=info msg="[14 3 69 0 0 0 3 1 0 0]" log=main
time="2022-12-30T15:41:49+08:00" level=info msg="[13 3 70 0 0 0 3 2 0 0 0 0]" log=main
time="2022-12-30T15:41:49+08:00" level=info msg="[14 3 70 0 0 0 3 1 0 0]" log=main
time="2022-12-30T15:41:49+08:00" level=info msg="[13 3 71 0 0 0 3 2 0 0 0 0]" log=main
time="2022-12-30T15:41:49+08:00" level=info msg="[14 3 71 0 0 0 3 1 0 0]" log=main
time="2022-12-30T15:41:49+08:00" level=info msg="[13 3 72 0 0 0 3 2 0 0 0 0]" log=main
time="2022-12-30T15:41:49+08:00" level=info msg="[14 3 72 0 0 0 3 1 4 0]" log=main
time="2022-12-30T15:41:49+08:00" level=info msg="[13 3 73 0 0 0 3 2 0 0 4 0]" log=main
time="2022-12-30T15:41:49+08:00" level=info msg="[14 3 73 0 0 0 3 1 4 0]" log=main
time="2022-12-30T15:41:49+08:00" level=info msg="[13 3 74 0 0 0 3 2 0 0 4 0]" log=main
time="2022-12-30T15:41:49+08:00" level=info msg="[14 3 74 0 0 0 3 1 4 0]" log=main
time="2022-12-30T15:41:49+08:00" level=info msg="[13 3 75 0 0 0 3 2 0 0 4 0]" log=main
time="2022-12-30T15:41:49+08:00" level=info msg="[14 3 75 0 0 0 3 1 4 0]" log=main
time="2022-12-30T15:41:49+08:00" level=info msg="[13 3 76 0 0 0 3 2 0 0 4 0]" log=main
time="2022-12-30T15:41:49+08:00" level=info msg="[14 3 76 0 0 0 3 1 4 0]" log=main
time="2022-12-30T15:41:49+08:00" level=info msg="[13 3 77 0 0 0 3 2 0 0 4 0]" log=main
time="2022-12-30T15:41:49+08:00" level=info msg="[4 1 0 0 0]" log=main
time="2022-12-30T15:41:49+08:00" level=info msg="[14 3 77 0 0 0 3 1 0 0]" log=main
time="2022-12-30T15:41:49+08:00" level=info msg="[13 3 78 0 0 0 3 2 0 0 0 0]" log=main
time="2022-12-30T15:41:49+08:00" level=info msg="[14 3 78 0 0 0 3 1 0 0]" log=main
time="2022-12-30T15:41:49+08:00" level=info msg="[13 3 79 0 0 0 3 2 0 0 0 0]" log=main
time="2022-12-30T15:41:49+08:00" level=info msg="[14 3 79 0 0 0 3 1 0 0]" log=main
time="2022-12-30T15:41:49+08:00" level=info msg="[13 3 80 0 0 0 3 2 0 0 0 0]" log=main
time="2022-12-30T15:41:49+08:00" level=info msg="[14 3 80 0 0 0 3 1 0 0]" log=main
time="2022-12-30T15:41:49+08:00" level=info msg="[4 1 0 0 0]" log=main
time="2022-12-30T15:41:49+08:00" level=info msg="[13 3 81 0 0 0 3 2 0 0 0 0]" log=main
time="2022-12-30T15:41:49+08:00" level=info msg="[14 3 81 0 0 0 3 1 0 0]" log=main
time="2022-12-30T15:41:49+08:00" level=info msg="[13 3 82 0 0 0 3 2 0 0 0 0]" log=main
time="2022-12-30T15:41:49+08:00" level=info msg="[14 3 82 0 0 0 3 1 0 0]" log=main
time="2022-12-30T15:41:49+08:00" level=info msg="[13 3 83 0 0 0 3 2 0 0 0 0]" log=main
time="2022-12-30T15:41:49+08:00" level=info msg="[14 3 83 0 0 0 3 1 0 0]" log=main
time="2022-12-30T15:41:49+08:00" level=info msg="[13 3 84 0 0 0 3 2 0 0 0 0]" log=main
time="2022-12-30T15:41:49+08:00" level=info msg="[14 3 84 0 0 0 3 1 0 0]" log=main
time="2022-12-30T15:41:49+08:00" level=info msg="[13 3 85 0 0 0 3 2 0 0 0 0]" log=main
time="2022-12-30T15:41:49+08:00" level=info msg="[14 3 85 0 0 0 3 1 0 0]" log=main
time="2022-12-30T15:41:49+08:00" level=info msg="[13 3 86 0 0 0 3 2 0 0 0 0]" log=main
time="2022-12-30T15:41:49+08:00" level=info msg="[14 3 86 0 0 0 3 1 0 0]" log=main
time="2022-12-30T15:41:49+08:00" level=info msg="[13 3 87 0 0 0 3 2 0 0 0 0]" log=main
time="2022-12-30T15:41:49+08:00" level=info msg="[14 3 87 0 0 0 3 1 0 0]" log=main
time="2022-12-30T15:41:49+08:00" level=info msg="[13 3 88 0 0 0 3 2 0 0 0 0]" log=main
time="2022-12-30T15:41:49+08:00" level=info msg="[14 3 88 0 0 0 3 1 0 0]" log=main
time="2022-12-30T15:41:49+08:00" level=info msg="[13 3 89 0 0 0 3 2 0 0 0 0]" log=main
time="2022-12-30T15:41:49+08:00" level=info msg="[14 3 89 0 0 0 3 1 0 0]" log=main
time="2022-12-30T15:41:49+08:00" level=info msg="[13 3 90 0 0 0 3 2 0 0 0 0]" log=main
time="2022-12-30T15:41:49+08:00" level=info msg="[14 3 90 0 0 0 3 1 0 0]" log=main
time="2022-12-30T15:41:49+08:00" level=info msg="[13 3 91 0 0 0 3 2 0 0 0 0]" log=main
time="2022-12-30T15:41:49+08:00" level=info msg="[14 3 91 0 0 0 3 1 0 0]" log=main
time="2022-12-30T15:41:49+08:00" level=info msg="[13 3 92 0 0 0 3 2 0 0 0 0]" log=main
time="2022-12-30T15:41:49+08:00" level=info msg="[14 3 92 0 0 0 3 1 0 0]" log=main
time="2022-12-30T15:41:49+08:00" level=info msg="[13 3 93 0 0 0 3 2 0 0 0 0]" log=main
time="2022-12-30T15:41:49+08:00" level=info msg="[14 3 93 0 0 0 3 1 0 0]" log=main
time="2022-12-30T15:41:49+08:00" level=info msg="[13 3 94 0 0 0 3 2 0 0 0 0]" log=main
time="2022-12-30T15:41:49+08:00" level=info msg="[14 3 94 0 0 0 3 1 0 0]" log=main
time="2022-12-30T15:41:49+08:00" level=info msg="[13 3 95 0 0 0 3 2 0 0 0 0]" log=main
time="2022-12-30T15:41:49+08:00" level=info msg="[14 3 95 0 0 0 3 1 0 0]" log=main
time="2022-12-30T15:41:49+08:00" level=info msg="[13 3 96 0 0 0 3 2 0 0 0 0]" log=main
time="2022-12-30T15:41:49+08:00" level=info msg="[14 3 96 0 0 0 3 1 0 0]" log=main
time="2022-12-30T15:41:49+08:00" level=info msg="[13 3 97 0 0 0 3 2 0 0 0 0]" log=main
time="2022-12-30T15:41:49+08:00" level=info msg="[14 3 97 0 0 0 3 1 0 0]" log=main
time="2022-12-30T15:41:49+08:00" level=info msg="[13 3 98 0 0 0 3 2 0 0 0 0]" log=main
time="2022-12-30T15:41:49+08:00" level=info msg="[14 3 98 0 0 0 3 1 0 0]" log=main
time="2022-12-30T15:41:49+08:00" level=info msg="[13 3 99 0 0 0 3 2 0 0 0 0]" log=main
time="2022-12-30T15:41:49+08:00" level=info msg="[14 3 99 0 0 0 3 1 0 0]" log=main
time="2022-12-30T15:41:49+08:00" level=info msg="[13 3 100 0 0 0 3 2 0 0 0 0]" log=main
time="2022-12-30T15:41:49+08:00" level=info msg="[14 3 100 0 0 0 3 1 0 0]" log=main
time="2022-12-30T15:41:49+08:00" level=info msg="[13 3 101 0 0 0 3 2 0 0 0 0]" log=main
time="2022-12-30T15:41:49+08:00" level=info msg="[14 3 101 0 0 0 3 1 0 0]" log=main
time="2022-12-30T15:41:49+08:00" level=info msg="[13 3 102 0 0 0 3 2 0 0 0 0]" log=main
time="2022-12-30T15:41:49+08:00" level=info msg="[14 3 102 0 0 0 3 1 0 0]" log=main
time="2022-12-30T15:41:49+08:00" level=info msg="[13 3 103 0 0 0 3 2 0 0 0 0]" log=main
time="2022-12-30T15:41:49+08:00" level=info msg="[14 3 103 0 0 0 3 1 0 0]" log=main
time="2022-12-30T15:41:49+08:00" level=info msg="[13 3 104 0 0 0 3 2 0 0 0 0]" log=main
time="2022-12-30T15:41:49+08:00" level=info msg="[14 3 104 0 0 0 3 1 0 0]" log=main
time="2022-12-30T15:41:50+08:00" level=info msg="[13 3 105 0 0 0 3 2 0 0 0 0]" log=main
time="2022-12-30T15:41:50+08:00" level=info msg="[14 3 105 0 0 0 3 1 0 0]" log=main
time="2022-12-30T15:41:50+08:00" level=info msg="[13 3 106 0 0 0 3 2 0 0 0 0]" log=main
time="2022-12-30T15:41:50+08:00" level=info msg="[14 3 106 0 0 0 3 1 0 0]" log=main
time="2022-12-30T15:41:50+08:00" level=info msg="[4 1 0 0 0]" log=main
time="2022-12-30T15:41:50+08:00" level=info msg="[13 3 107 0 0 0 3 2 0 0 0 0]" log=main
time="2022-12-30T15:41:50+08:00" level=info msg="[14 3 106 0 0 0 3 1 0 0]" log=main
time="2022-12-30T15:41:50+08:00" level=info msg="[13 3 108 0 0 0 3 4 0 0 0 0 0 0 0 0]" log=main
time="2022-12-30T15:41:50+08:00" level=info msg="[14 3 107 0 0 0 3 1 0 0]" log=main
time="2022-12-30T15:41:50+08:00" level=info msg="[14 3 108 0 0 0 3 1 0 0]" log=main
time="2022-12-30T15:41:50+08:00" level=info msg="[13 3 109 0 0 0 3 4 0 0 0 0 0 0 0 0]" log=main
time="2022-12-30T15:41:50+08:00" level=info msg="[14 3 109 0 0 0 3 1 0 0]" log=main
time="2022-12-30T15:41:50+08:00" level=info msg="[13 3 110 0 0 0 3 2 0 0 0 0]" log=main
time="2022-12-30T15:41:50+08:00" level=info msg="[4 1 0 0 0]" log=main
time="2022-12-30T15:41:50+08:00" level=info msg="[14 3 110 0 0 0 3 1 0 0]" log=main
time="2022-12-30T15:41:50+08:00" level=info msg="[13 3 111 0 0 0 3 2 0 0 0 0]" log=main
time="2022-12-30T15:41:50+08:00" level=info msg="[13 3 112 0 0 0 3 4 0 0 0 0 0 0 0 0]" log=main
time="2022-12-30T15:41:50+08:00" level=info msg="[14 3 111 0 0 0 3 1 0 0]" log=main
time="2022-12-30T15:41:50+08:00" level=info msg="[13 3 113 0 0 0 3 4 0 0 0 0 0 0 0 0]" log=main
time="2022-12-30T15:41:50+08:00" level=info msg="[14 3 112 0 0 0 3 1 0 0]" log=main
time="2022-12-30T15:41:50+08:00" level=info msg="[14 3 113 0 0 0 3 1 0 0]" log=main
time="2022-12-30T15:41:50+08:00" level=info msg="[13 3 114 0 0 0 3 4 0 0 0 0 0 0 0 0]" log=main
time="2022-12-30T15:41:50+08:00" level=info msg="[13 3 115 0 0 0 3 4 0 0 0 0 0 0 0 0]" log=main
time="2022-12-30T15:41:50+08:00" level=info msg="[14 3 114 0 0 0 3 1 0 0]" log=main
time="2022-12-30T15:41:50+08:00" level=info msg="[14 3 115 0 0 0 3 1 0 0]" log=main
time="2022-12-30T15:41:50+08:00" level=info msg="[13 3 116 0 0 0 3 2 0 0 0 0]" log=main
time="2022-12-30T15:41:50+08:00" level=info msg="[14 3 116 0 0 0 3 1 0 0]" log=main
time="2022-12-30T15:41:50+08:00" level=info msg="[13 3 117 0 0 0 3 2 0 0 0 0]" log=main
time="2022-12-30T15:41:50+08:00" level=info msg="[14 3 117 0 0 0 3 1 0 0]" log=main
time="2022-12-30T15:41:50+08:00" level=info msg="[13 3 118 0 0 0 3 2 0 0 0 0]" log=main
time="2022-12-30T15:41:50+08:00" level=info msg="[14 3 118 0 0 0 3 1 0 0]" log=main
time="2022-12-30T15:41:50+08:00" level=info msg="[13 3 119 0 0 0 3 2 0 0 0 0]" log=main
time="2022-12-30T15:41:50+08:00" level=info msg="[14 3 119 0 0 0 3 1 0 0]" log=main
time="2022-12-30T15:41:50+08:00" level=info msg="[13 3 120 0 0 0 3 2 0 0 0 0]" log=main
time="2022-12-30T15:41:50+08:00" level=info msg="[14 3 120 0 0 0 3 1 0 0]" log=main
time="2022-12-30T15:41:50+08:00" level=info msg="[13 3 121 0 0 0 3 2 0 0 0 0]" log=main
time="2022-12-30T15:41:50+08:00" level=info msg="[14 3 121 0 0 0 3 1 0 0]" log=main
time="2022-12-30T15:41:50+08:00" level=info msg="[13 3 122 0 0 0 3 2 0 0 0 0]" log=main
time="2022-12-30T15:41:50+08:00" level=info msg="[14 3 122 0 0 0 3 1 0 0]" log=main
time="2022-12-30T15:41:50+08:00" level=info msg="[13 3 123 0 0 0 3 2 0 0 0 0]" log=main
time="2022-12-30T15:41:50+08:00" level=info msg="[14 3 123 0 0 0 3 1 0 0]" log=main
time="2022-12-30T15:41:50+08:00" level=info msg="[13 3 124 0 0 0 3 2 0 0 0 0]" log=main
time="2022-12-30T15:41:50+08:00" level=info msg="[14 3 124 0 0 0 3 1 0 0]" log=main
time="2022-12-30T15:41:50+08:00" level=info msg="[13 3 125 0 0 0 3 2 0 0 0 0]" log=main
time="2022-12-30T15:41:50+08:00" level=info msg="[14 3 125 0 0 0 3 1 0 0]" log=main
time="2022-12-30T15:41:50+08:00" level=info msg="[13 3 126 0 0 0 3 2 0 0 0 0]" log=main
time="2022-12-30T15:41:50+08:00" level=info msg="[14 3 126 0 0 0 3 1 0 0]" log=main
time="2022-12-30T15:41:50+08:00" level=info msg="[13 3 127 0 0 0 3 2 0 0 0 0]" log=main
time="2022-12-30T15:41:50+08:00" level=info msg="[14 3 127 0 0 0 3 1 0 0]" log=main
time="2022-12-30T15:41:50+08:00" level=info msg="[13 3 128 0 0 0 3 2 0 0 0 0]" log=main
time="2022-12-30T15:41:50+08:00" level=info msg="[14 3 128 0 0 0 3 1 0 0]" log=main
time="2022-12-30T15:41:50+08:00" level=info msg="[13 3 129 0 0 0 3 2 0 0 0 0]" log=main
time="2022-12-30T15:41:50+08:00" level=info msg="[14 3 129 0 0 0 3 1 0 0]" log=main
time="2022-12-30T15:41:50+08:00" level=info msg="[13 3 130 0 0 0 3 2 0 0 0 0]" log=main
time="2022-12-30T15:41:50+08:00" level=info msg="[14 3 130 0 0 0 3 1 0 0]" log=main
time="2022-12-30T15:41:50+08:00" level=info msg="[13 3 131 0 0 0 3 2 0 0 0 0]" log=main
time="2022-12-30T15:41:50+08:00" level=info msg="[14 3 131 0 0 0 3 1 0 0]" log=main
time="2022-12-30T15:41:50+08:00" level=info msg="[13 3 132 0 0 0 3 2 0 0 0 0]" log=main
time="2022-12-30T15:41:50+08:00" level=info msg="[14 3 132 0 0 0 3 1 0 0]" log=main
time="2022-12-30T15:41:50+08:00" level=info msg="[13 3 133 0 0 0 3 2 0 0 0 0]" log=main
time="2022-12-30T15:41:50+08:00" level=info msg="[14 3 133 0 0 0 3 1 0 0]" log=main
time="2022-12-30T15:41:50+08:00" level=info msg="[13 3 134 0 0 0 3 2 0 0 0 0]" log=main
time="2022-12-30T15:41:50+08:00" level=info msg="[14 3 134 0 0 0 3 1 0 0]" log=main
time="2022-12-30T15:41:50+08:00" level=info msg="[13 3 135 0 0 0 3 2 0 0 0 0]" log=main
time="2022-12-30T15:41:50+08:00" level=info msg="[14 3 135 0 0 0 3 1 0 0]" log=main
time="2022-12-30T15:41:50+08:00" level=info msg="[13 3 136 0 0 0 3 2 0 0 0 0]" log=main
time="2022-12-30T15:41:50+08:00" level=info msg="[4 1 0 0 0]" log=main
time="2022-12-30T15:41:50+08:00" level=info msg="[14 3 136 0 0 0 3 1 0 0]" log=main
time="2022-12-30T15:41:50+08:00" level=info msg="[13 3 137 0 0 0 3 2 0 0 0 0]" log=main
time="2022-12-30T15:41:50+08:00" level=info msg="[14 3 137 0 0 0 3 1 0 0]" log=main
time="2022-12-30T15:41:50+08:00" level=info msg="[13 3 138 0 0 0 3 2 0 0 0 0]" log=main
time="2022-12-30T15:41:50+08:00" level=info msg="[14 3 138 0 0 0 3 1 0 0]" log=main
time="2022-12-30T15:41:50+08:00" level=info msg="[13 3 139 0 0 0 3 2 0 0 0 0]" log=main
time="2022-12-30T15:41:50+08:00" level=info msg="[14 3 139 0 0 0 3 1 0 0]" log=main
time="2022-12-30T15:41:50+08:00" level=info msg="[13 3 140 0 0 0 3 2 0 0 0 0]" log=main
time="2022-12-30T15:41:50+08:00" level=info msg="[4 1 0 0 0]" log=main
time="2022-12-30T15:41:50+08:00" level=info msg="[14 3 140 0 0 0 3 1 0 0]" log=main
time="2022-12-30T15:41:50+08:00" level=info msg="[13 3 141 0 0 0 3 2 0 0 0 0]" log=main
time="2022-12-30T15:41:50+08:00" level=info msg="[14 3 141 0 0 0 3 1 0 0]" log=main
time="2022-12-30T15:41:50+08:00" level=info msg="[13 3 142 0 0 0 3 2 0 0 0 0]" log=main
time="2022-12-30T15:41:50+08:00" level=info msg="[14 3 142 0 0 0 3 1 0 0]" log=main
time="2022-12-30T15:41:50+08:00" level=info msg="[13 3 143 0 0 0 3 2 0 0 0 0]" log=main
time="2022-12-30T15:41:50+08:00" level=info msg="[14 3 143 0 0 0 3 1 0 0]" log=main
time="2022-12-30T15:41:50+08:00" level=info msg="[13 3 144 0 0 0 3 2 0 0 0 0]" log=main
time="2022-12-30T15:41:50+08:00" level=info msg="[14 3 144 0 0 0 3 1 0 0]" log=main
time="2022-12-30T15:41:50+08:00" level=info msg="[13 3 145 0 0 0 3 2 0 0 0 0]" log=main
time="2022-12-30T15:41:50+08:00" level=info msg="[14 3 145 0 0 0 3 1 0 0]" log=main
time="2022-12-30T15:41:50+08:00" level=info msg="[13 3 146 0 0 0 3 2 0 0 0 0]" log=main
time="2022-12-30T15:41:50+08:00" level=info msg="[14 3 146 0 0 0 3 1 0 0]" log=main
time="2022-12-30T15:41:50+08:00" level=info msg="[13 3 147 0 0 0 3 2 0 0 0 0]" log=main
time="2022-12-30T15:41:50+08:00" level=info msg="[14 3 147 0 0 0 3 1 0 0]" log=main
time="2022-12-30T15:41:50+08:00" level=info msg="[13 3 148 0 0 0 3 2 0 0 0 0]" log=main
time="2022-12-30T15:41:50+08:00" level=info msg="[14 3 148 0 0 0 3 1 0 0]" log=main
time="2022-12-30T15:41:50+08:00" level=info msg="[13 3 149 0 0 0 3 2 0 0 0 0]" log=main
time="2022-12-30T15:41:50+08:00" level=info msg="[14 3 149 0 0 0 3 1 0 0]" log=main
time="2022-12-30T15:41:50+08:00" level=info msg="[13 3 150 0 0 0 3 2 0 0 0 0]" log=main
time="2022-12-30T15:41:50+08:00" level=info msg="[14 3 150 0 0 0 3 1 0 0]" log=main
time="2022-12-30T15:41:50+08:00" level=info msg="[13 3 151 0 0 0 3 2 0 0 0 0]" log=main
time="2022-12-30T15:41:50+08:00" level=info msg="[14 3 151 0 0 0 3 1 0 0]" log=main
time="2022-12-30T15:41:50+08:00" level=info msg="[13 3 152 0 0 0 3 2 0 0 0 0]" log=main
time="2022-12-30T15:41:50+08:00" level=info msg="[14 3 152 0 0 0 3 1 0 0]" log=main
time="2022-12-30T15:41:50+08:00" level=info msg="[13 3 153 0 0 0 3 2 0 0 0 0]" log=main
time="2022-12-30T15:41:50+08:00" level=info msg="[14 3 153 0 0 0 3 1 0 0]" log=main
time="2022-12-30T15:41:50+08:00" level=info msg="[13 3 154 0 0 0 3 2 0 0 0 0]" log=main
time="2022-12-30T15:41:50+08:00" level=info msg="[14 3 154 0 0 0 3 1 0 0]" log=main
time="2022-12-30T15:41:50+08:00" level=info msg="[13 3 155 0 0 0 3 2 0 0 0 0]" log=main
time="2022-12-30T15:41:50+08:00" level=info msg="[14 3 155 0 0 0 3 1 0 0]" log=main
time="2022-12-30T15:41:50+08:00" level=info msg="[13 3 156 0 0 0 3 2 0 0 0 0]" log=main
time="2022-12-30T15:41:50+08:00" level=info msg="[14 3 156 0 0 0 3 1 0 0]" log=main
time="2022-12-30T15:41:50+08:00" level=info msg="[13 3 157 0 0 0 3 2 0 0 0 0]" log=main
time="2022-12-30T15:41:50+08:00" level=info msg="[14 3 157 0 0 0 3 1 0 0]" log=main
time="2022-12-30T15:41:50+08:00" level=info msg="[13 3 158 0 0 0 3 2 4 0 0 0]" log=main
time="2022-12-30T15:41:50+08:00" level=info msg="[14 3 158 0 0 0 3 1 0 0]" log=main
time="2022-12-30T15:41:50+08:00" level=info msg="[13 3 159 0 0 0 3 2 4 0 0 0]" log=main
time="2022-12-30T15:41:50+08:00" level=info msg="[14 3 159 0 0 0 3 1 0 0]" log=main
time="2022-12-30T15:41:50+08:00" level=info msg="[13 3 160 0 0 0 3 2 4 0 0 0]" log=main
time="2022-12-30T15:41:50+08:00" level=info msg="[14 3 160 0 0 0 3 1 0 0]" log=main
time="2022-12-30T15:41:50+08:00" level=info msg="[14 3 160 0 0 0 3 1 0 0]" log=main
time="2022-12-30T15:41:50+08:00" level=info msg="[13 3 161 0 0 0 3 2 4 0 0 0]" log=main
time="2022-12-30T15:41:50+08:00" level=info msg="[13 3 162 0 0 0 3 4 4 0 0 0 4 0 0 0]" log=main
time="2022-12-30T15:41:50+08:00" level=info msg="[14 3 161 0 0 0 3 1 0 0]" log=main
time="2022-12-30T15:41:50+08:00" level=info msg="[14 3 162 0 0 0 3 1 0 0]" log=main
time="2022-12-30T15:41:50+08:00" level=info msg="[13 3 163 0 0 0 3 4 0 0 0 0 4 0 0 0]" log=main
time="2022-12-30T15:41:50+08:00" level=info msg="[14 3 163 0 0 0 3 1 0 0]" log=main
time="2022-12-30T15:41:50+08:00" level=info msg="[13 3 164 0 0 0 3 2 0 0 0 0]" log=main
time="2022-12-30T15:41:51+08:00" level=info msg="[14 3 164 0 0 0 3 1 0 0]" log=main
time="2022-12-30T15:41:51+08:00" level=info msg="[13 3 165 0 0 0 3 4 4 0 0 0 0 0 0 0]" log=main
time="2022-12-30T15:41:51+08:00" level=info msg="[14 3 165 0 0 0 3 1 0 0]" log=main
time="2022-12-30T15:41:51+08:00" level=info msg="[13 3 166 0 0 0 3 4 4 0 0 0 4 0 0 0]" log=main
time="2022-12-30T15:41:51+08:00" level=info msg="[4 1 0 0 0]" log=main
time="2022-12-30T15:41:51+08:00" level=info msg="[14 3 166 0 0 0 3 1 0 0]" log=main
time="2022-12-30T15:41:51+08:00" level=info msg="[13 3 167 0 0 0 3 2 4 0 0 0]" log=main
time="2022-12-30T15:41:51+08:00" level=info msg="[14 3 167 0 0 0 3 1 0 0]" log=main
time="2022-12-30T15:41:51+08:00" level=info msg="[13 3 168 0 0 0 3 4 4 0 0 0 4 0 0 0]" log=main
time="2022-12-30T15:41:51+08:00" level=info msg="[14 3 168 0 0 0 3 1 0 0]" log=main
time="2022-12-30T15:41:51+08:00" level=info msg="[13 3 169 0 0 0 3 4 4 0 0 0 4 0 0 0]" log=main
time="2022-12-30T15:41:51+08:00" level=info msg="[14 3 169 0 0 0 3 1 0 0]" log=main
time="2022-12-30T15:41:51+08:00" level=info msg="[13 3 170 0 0 0 3 2 0 0 0 0]" log=main
time="2022-12-30T15:41:51+08:00" level=info msg="[4 1 0 0 0]" log=main
time="2022-12-30T15:41:51+08:00" level=info msg="[14 3 170 0 0 0 3 1 0 0]" log=main
time="2022-12-30T15:41:51+08:00" level=info msg="[13 3 171 0 0 0 3 4 0 0 0 0 0 0 0 0]" log=main
time="2022-12-30T15:41:51+08:00" level=info msg="[14 3 171 0 0 0 3 1 0 0]" log=main
time="2022-12-30T15:41:51+08:00" level=info msg="[13 3 172 0 0 0 3 4 4 0 0 0 0 0 0 0]" log=main
time="2022-12-30T15:41:51+08:00" level=info msg="[14 3 172 0 0 0 3 1 0 0]" log=main
time="2022-12-30T15:41:51+08:00" level=info msg="[13 3 173 0 0 0 3 2 4 0 0 0]" log=main
time="2022-12-30T15:41:51+08:00" level=info msg="[14 3 173 0 0 0 3 1 0 0]" log=main
time="2022-12-30T15:41:51+08:00" level=info msg="[13 3 174 0 0 0 3 2 4 0 0 0]" log=main
time="2022-12-30T15:41:51+08:00" level=info msg="[14 3 174 0 0 0 3 1 0 0]" log=main
time="2022-12-30T15:41:51+08:00" level=info msg="[13 3 175 0 0 0 3 2 4 0 0 0]" log=main
time="2022-12-30T15:41:51+08:00" level=info msg="[14 3 175 0 0 0 3 1 0 0]" log=main
time="2022-12-30T15:41:51+08:00" level=info msg="[13 3 176 0 0 0 3 2 0 0 0 0]" log=main
time="2022-12-30T15:41:51+08:00" level=info msg="[14 3 176 0 0 0 3 1 0 0]" log=main
time="2022-12-30T15:41:51+08:00" level=info msg="[13 3 177 0 0 0 3 2 0 0 0 0]" log=main
time="2022-12-30T15:41:51+08:00" level=info msg="[14 3 177 0 0 0 3 1 0 0]" log=main
time="2022-12-30T15:41:51+08:00" level=info msg="[13 3 178 0 0 0 3 2 0 0 0 0]" log=main
time="2022-12-30T15:41:51+08:00" level=info msg="[14 3 178 0 0 0 3 1 0 0]" log=main
time="2022-12-30T15:41:51+08:00" level=info msg="[13 3 179 0 0 0 3 2 0 0 0 0]" log=main
time="2022-12-30T15:41:51+08:00" level=info msg="[14 3 179 0 0 0 3 1 0 0]" log=main
time="2022-12-30T15:41:51+08:00" level=info msg="[13 3 180 0 0 0 3 2 0 0 0 0]" log=main
time="2022-12-30T15:41:51+08:00" level=info msg="[14 3 180 0 0 0 3 1 0 0]" log=main
time="2022-12-30T15:41:51+08:00" level=info msg="[13 3 181 0 0 0 3 2 0 0 0 0]" log=main
time="2022-12-30T15:41:51+08:00" level=info msg="[14 3 181 0 0 0 3 1 0 0]" log=main
time="2022-12-30T15:41:51+08:00" level=info msg="[13 3 182 0 0 0 3 2 0 0 0 0]" log=main
time="2022-12-30T15:41:51+08:00" level=info msg="[14 3 182 0 0 0 3 1 0 0]" log=main
time="2022-12-30T15:41:51+08:00" level=info msg="[13 3 183 0 0 0 3 2 0 0 0 0]" log=main
time="2022-12-30T15:41:51+08:00" level=info msg="[14 3 183 0 0 0 3 1 0 0]" log=main
time="2022-12-30T15:41:51+08:00" level=info msg="[13 3 184 0 0 0 3 2 0 0 0 0]" log=main
time="2022-12-30T15:41:51+08:00" level=info msg="[14 3 184 0 0 0 3 1 0 0]" log=main
time="2022-12-30T15:41:51+08:00" level=info msg="[13 3 185 0 0 0 3 2 0 0 0 0]" log=main
time="2022-12-30T15:41:51+08:00" level=info msg="[14 3 185 0 0 0 3 1 0 0]" log=main
time="2022-12-30T15:41:51+08:00" level=info msg="[13 3 186 0 0 0 3 2 0 0 0 0]" log=main
time="2022-12-30T15:41:51+08:00" level=info msg="[14 3 186 0 0 0 3 1 0 0]" log=main
time="2022-12-30T15:41:51+08:00" level=info msg="[13 3 187 0 0 0 3 2 0 0 0 0]" log=main
time="2022-12-30T15:41:51+08:00" level=info msg="[14 3 187 0 0 0 3 1 0 0]" log=main
time="2022-12-30T15:41:51+08:00" level=info msg="[13 3 188 0 0 0 3 2 0 0 0 0]" log=main
time="2022-12-30T15:41:51+08:00" level=info msg="[14 3 188 0 0 0 3 1 0 0]" log=main
time="2022-12-30T15:41:51+08:00" level=info msg="[13 3 189 0 0 0 3 2 0 0 0 0]" log=main
time="2022-12-30T15:41:51+08:00" level=info msg="[14 3 189 0 0 0 3 1 0 0]" log=main
time="2022-12-30T15:41:51+08:00" level=info msg="[13 3 190 0 0 0 3 2 0 0 0 0]" log=main
time="2022-12-30T15:41:51+08:00" level=info msg="[14 3 190 0 0 0 3 1 0 0]" log=main
time="2022-12-30T15:41:51+08:00" level=info msg="[13 3 191 0 0 0 3 2 0 0 0 0]" log=main
time="2022-12-30T15:41:51+08:00" level=info msg="[14 3 191 0 0 0 3 1 0 0]" log=main
time="2022-12-30T15:41:51+08:00" level=info msg="[13 3 192 0 0 0 3 2 0 0 0 0]" log=main
time="2022-12-30T15:41:51+08:00" level=info msg="[14 3 192 0 0 0 3 1 0 0]" log=main
time="2022-12-30T15:41:51+08:00" level=info msg="[13 3 193 0 0 0 3 2 0 0 0 0]" log=main
time="2022-12-30T15:41:51+08:00" level=info msg="[14 3 193 0 0 0 3 1 0 0]" log=main
time="2022-12-30T15:41:51+08:00" level=info msg="[13 3 194 0 0 0 3 2 0 0 0 0]" log=main
time="2022-12-30T15:41:51+08:00" level=info msg="[14 3 194 0 0 0 3 1 0 0]" log=main
time="2022-12-30T15:41:51+08:00" level=info msg="[13 3 195 0 0 0 3 2 0 0 0 0]" log=main
time="2022-12-30T15:41:51+08:00" level=info msg="[14 3 195 0 0 0 3 1 0 0]" log=main
time="2022-12-30T15:41:51+08:00" level=info msg="[13 3 196 0 0 0 3 2 0 0 0 0]" log=main
time="2022-12-30T15:41:51+08:00" level=info msg="[4 1 0 0 0]" log=main
time="2022-12-30T15:41:51+08:00" level=info msg="[14 3 196 0 0 0 3 1 0 0]" log=main
time="2022-12-30T15:41:51+08:00" level=info msg="[13 3 197 0 0 0 3 2 0 0 0 0]" log=main
time="2022-12-30T15:41:51+08:00" level=info msg="[14 3 197 0 0 0 3 1 0 0]" log=main
time="2022-12-30T15:41:51+08:00" level=info msg="[13 3 198 0 0 0 3 2 0 0 0 0]" log=main
time="2022-12-30T15:41:51+08:00" level=info msg="[14 3 198 0 0 0 3 1 0 0]" log=main
time="2022-12-30T15:41:51+08:00" level=info msg="[13 3 199 0 0 0 3 2 0 0 0 0]" log=main
time="2022-12-30T15:41:51+08:00" level=info msg="[14 3 199 0 0 0 3 1 0 0]" log=main
time="2022-12-30T15:41:51+08:00" level=info msg="[13 3 200 0 0 0 3 2 0 0 0 0]" log=main
time="2022-12-30T15:41:51+08:00" level=info msg="[4 1 0 0 0]" log=main
time="2022-12-30T15:41:51+08:00" level=info msg="[14 3 200 0 0 0 3 1 0 0]" log=main
time="2022-12-30T15:41:51+08:00" level=info msg="[13 3 201 0 0 0 3 2 0 0 0 0]" log=main
time="2022-12-30T15:41:51+08:00" level=info msg="[14 3 201 0 0 0 3 1 0 0]" log=main
time="2022-12-30T15:41:51+08:00" level=info msg="[13 3 202 0 0 0 3 2 0 0 0 0]" log=main
time="2022-12-30T15:41:51+08:00" level=info msg="[14 3 202 0 0 0 3 1 0 0]" log=main
time="2022-12-30T15:41:51+08:00" level=info msg="[13 3 203 0 0 0 3 2 0 0 0 0]" log=main
time="2022-12-30T15:41:51+08:00" level=info msg="[13 3 204 0 0 0 3 4 0 0 0 0 0 0 0 0]" log=main
time="2022-12-30T15:41:51+08:00" level=info msg="[14 3 203 0 0 0 3 1 0 0]" log=main
time="2022-12-30T15:41:51+08:00" level=info msg="[14 3 204 0 0 0 3 1 0 0]" log=main
time="2022-12-30T15:41:51+08:00" level=info msg="[13 3 205 0 0 0 3 2 0 0 0 0]" log=main
time="2022-12-30T15:41:51+08:00" level=info msg="[14 3 205 0 0 0 3 1 0 0]" log=main
time="2022-12-30T15:41:51+08:00" level=info msg="[13 3 206 0 0 0 3 2 0 0 0 0]" log=main
time="2022-12-30T15:41:51+08:00" level=info msg="[13 3 207 0 0 0 3 4 0 0 0 0 0 0 0 0]" log=main
time="2022-12-30T15:41:51+08:00" level=info msg="[14 3 206 0 0 0 3 1 0 0]" log=main
time="2022-12-30T15:41:51+08:00" level=info msg="[14 3 207 0 0 0 3 1 0 0]" log=main
time="2022-12-30T15:41:51+08:00" level=info msg="[13 3 208 0 0 0 3 2 0 0 0 0]" log=main
time="2022-12-30T15:41:51+08:00" level=info msg="[14 3 208 0 0 0 3 1 0 0]" log=main
time="2022-12-30T15:41:51+08:00" level=info msg="[13 3 209 0 0 0 3 2 0 0 0 0]" log=main
time="2022-12-30T15:41:51+08:00" level=info msg="[14 3 209 0 0 0 3 1 0 0]" log=main
time="2022-12-30T15:41:51+08:00" level=info msg="[13 3 210 0 0 0 3 4 0 0 0 0 0 0 0 0]" log=main
time="2022-12-30T15:41:51+08:00" level=info msg="[14 3 210 0 0 0 3 1 0 0]" log=main
time="2022-12-30T15:41:51+08:00" level=info msg="[13 3 211 0 0 0 3 2 0 0 0 0]" log=main
time="2022-12-30T15:41:51+08:00" level=info msg="[14 3 211 0 0 0 3 1 0 0]" log=main
time="2022-12-30T15:41:51+08:00" level=info msg="[13 3 212 0 0 0 3 2 0 0 0 0]" log=main
time="2022-12-30T15:41:51+08:00" level=info msg="[14 3 212 0 0 0 3 1 0 0]" log=main
time="2022-12-30T15:41:51+08:00" level=info msg="[13 3 213 0 0 0 3 2 0 0 0 0]" log=main
time="2022-12-30T15:41:51+08:00" level=info msg="[14 3 213 0 0 0 3 1 0 0]" log=main
time="2022-12-30T15:41:51+08:00" level=info msg="[13 3 214 0 0 0 3 2 0 0 0 0]" log=main
time="2022-12-30T15:41:51+08:00" level=info msg="[14 3 214 0 0 0 3 1 0 0]" log=main
time="2022-12-30T15:41:51+08:00" level=info msg="[13 3 215 0 0 0 3 2 0 0 0 0]" log=main
time="2022-12-30T15:41:51+08:00" level=info msg="[14 3 215 0 0 0 3 1 0 0]" log=main
time="2022-12-30T15:41:51+08:00" level=info msg="[13 3 216 0 0 0 3 2 0 0 0 0]" log=main
time="2022-12-30T15:41:51+08:00" level=info msg="[14 3 216 0 0 0 3 1 0 0]" log=main
time="2022-12-30T15:41:51+08:00" level=info msg="[13 3 217 0 0 0 3 2 0 0 0 0]" log=main
time="2022-12-30T15:41:51+08:00" level=info msg="[14 3 217 0 0 0 3 1 0 0]" log=main
time="2022-12-30T15:41:51+08:00" level=info msg="[13 3 218 0 0 0 3 2 0 0 0 0]" log=main
time="2022-12-30T15:41:51+08:00" level=info msg="[14 3 218 0 0 0 3 1 0 0]" log=main
time="2022-12-30T15:41:51+08:00" level=info msg="[13 3 219 0 0 0 3 2 0 0 0 0]" log=main
time="2022-12-30T15:41:51+08:00" level=info msg="[14 3 219 0 0 0 3 1 0 0]" log=main
time="2022-12-30T15:41:51+08:00" level=info msg="[13 3 220 0 0 0 3 2 0 0 0 0]" log=main
time="2022-12-30T15:41:51+08:00" level=info msg="[14 3 220 0 0 0 3 1 0 0]" log=main
time="2022-12-30T15:41:51+08:00" level=info msg="[13 3 221 0 0 0 3 2 0 0 0 0]" log=main
time="2022-12-30T15:41:51+08:00" level=info msg="[14 3 221 0 0 0 3 1 0 0]" log=main
time="2022-12-30T15:41:51+08:00" level=info msg="[13 3 222 0 0 0 3 2 0 0 0 0]" log=main
time="2022-12-30T15:41:51+08:00" level=info msg="[14 3 222 0 0 0 3 1 0 0]" log=main
time="2022-12-30T15:41:51+08:00" level=info msg="[13 3 223 0 0 0 3 2 0 0 0 0]" log=main
time="2022-12-30T15:41:51+08:00" level=info msg="[14 3 223 0 0 0 3 1 0 0]" log=main
time="2022-12-30T15:41:52+08:00" level=info msg="[13 3 224 0 0 0 3 2 0 0 0 0]" log=main
time="2022-12-30T15:41:52+08:00" level=info msg="[14 3 224 0 0 0 3 1 0 0]" log=main
time="2022-12-30T15:41:52+08:00" level=info msg="[13 3 225 0 0 0 3 2 0 0 0 0]" log=main
time="2022-12-30T15:41:52+08:00" level=info msg="[14 3 225 0 0 0 3 1 0 0]" log=main
time="2022-12-30T15:41:52+08:00" level=info msg="[13 3 226 0 0 0 3 2 0 0 0 0]" log=main
time="2022-12-30T15:41:52+08:00" level=info msg="[4 1 0 0 0]" log=main
time="2022-12-30T15:41:52+08:00" level=info msg="[14 3 226 0 0 0 3 1 0 0]" log=main
time="2022-12-30T15:41:52+08:00" level=info msg="[13 3 227 0 0 0 3 2 0 0 0 0]" log=main
time="2022-12-30T15:41:52+08:00" level=info msg="[14 3 227 0 0 0 3 1 0 0]" log=main
time="2022-12-30T15:41:52+08:00" level=info msg="[13 3 228 0 0 0 3 2 0 0 0 0]" log=main
time="2022-12-30T15:41:52+08:00" level=info msg="[14 3 228 0 0 0 3 1 0 0]" log=main
time="2022-12-30T15:41:52+08:00" level=info msg="[13 3 229 0 0 0 3 2 0 0 0 0]" log=main
time="2022-12-30T15:41:52+08:00" level=info msg="[14 3 229 0 0 0 3 1 0 0]" log=main
time="2022-12-30T15:41:52+08:00" level=info msg="[4 1 0 0 0]" log=main
time="2022-12-30T15:41:52+08:00" level=info msg="[13 3 230 0 0 0 3 2 0 0 0 0]" log=main
time="2022-12-30T15:41:52+08:00" level=info msg="[14 3 230 0 0 0 3 1 0 0]" log=main
time="2022-12-30T15:41:52+08:00" level=info msg="[13 3 231 0 0 0 3 2 0 0 0 0]" log=main
time="2022-12-30T15:41:52+08:00" level=info msg="[14 3 231 0 0 0 3 1 0 0]" log=main
time="2022-12-30T15:41:52+08:00" level=info msg="[13 3 232 0 0 0 3 2 0 0 0 0]" log=main
time="2022-12-30T15:41:52+08:00" level=info msg="[14 3 232 0 0 0 3 1 0 0]" log=main
time="2022-12-30T15:41:52+08:00" level=info msg="[13 3 233 0 0 0 3 2 0 0 0 0]" log=main
time="2022-12-30T15:41:52+08:00" level=info msg="[14 3 233 0 0 0 3 1 0 0]" log=main
time="2022-12-30T15:41:52+08:00" level=info msg="[13 3 234 0 0 0 3 2 0 0 0 0]" log=main
time="2022-12-30T15:41:52+08:00" level=info msg="[14 3 234 0 0 0 3 1 0 0]" log=main
time="2022-12-30T15:41:52+08:00" level=info msg="[13 3 235 0 0 0 3 2 0 0 0 0]" log=main
time="2022-12-30T15:41:52+08:00" level=info msg="[14 3 235 0 0 0 3 1 0 0]" log=main
time="2022-12-30T15:41:52+08:00" level=info msg="[13 3 236 0 0 0 3 2 0 0 0 0]" log=main
time="2022-12-30T15:41:52+08:00" level=info msg="[14 3 236 0 0 0 3 1 0 0]" log=main
time="2022-12-30T15:41:52+08:00" level=info msg="[13 3 237 0 0 0 3 2 0 0 0 0]" log=main
time="2022-12-30T15:41:52+08:00" level=info msg="[14 3 237 0 0 0 3 1 0 0]" log=main
time="2022-12-30T15:41:52+08:00" level=info msg="[13 3 238 0 0 0 3 2 0 0 0 0]" log=main
time="2022-12-30T15:41:52+08:00" level=info msg="[14 3 238 0 0 0 3 1 0 0]" log=main
time="2022-12-30T15:41:52+08:00" level=info msg="[13 3 239 0 0 0 3 2 0 0 0 0]" log=main
time="2022-12-30T15:41:52+08:00" level=info msg="[14 3 239 0 0 0 3 1 0 0]" log=main
time="2022-12-30T15:41:52+08:00" level=info msg="[13 3 240 0 0 0 3 2 0 0 0 0]" log=main
time="2022-12-30T15:41:52+08:00" level=info msg="[14 3 240 0 0 0 3 1 0 0]" log=main
time="2022-12-30T15:41:52+08:00" level=info msg="[13 3 241 0 0 0 3 2 0 0 0 0]" log=main
time="2022-12-30T15:41:52+08:00" level=info msg="[14 3 241 0 0 0 3 1 0 0]" log=main
time="2022-12-30T15:41:52+08:00" level=info msg="[13 3 242 0 0 0 3 2 0 0 0 0]" log=main
time="2022-12-30T15:41:52+08:00" level=info msg="[14 3 242 0 0 0 3 1 0 0]" log=main
time="2022-12-30T15:41:52+08:00" level=info msg="[13 3 243 0 0 0 3 2 0 0 0 0]" log=main
time="2022-12-30T15:41:52+08:00" level=info msg="[14 3 243 0 0 0 3 1 0 0]" log=main
time="2022-12-30T15:41:52+08:00" level=info msg="[13 3 244 0 0 0 3 2 0 0 0 0]" log=main
time="2022-12-30T15:41:52+08:00" level=info msg="[14 3 244 0 0 0 3 1 0 0]" log=main
time="2022-12-30T15:41:52+08:00" level=info msg="[13 3 245 0 0 0 3 2 0 0 0 0]" log=main
time="2022-12-30T15:41:52+08:00" level=info msg="[14 3 245 0 0 0 3 1 0 0]" log=main
time="2022-12-30T15:41:52+08:00" level=info msg="[13 3 246 0 0 0 3 2 0 0 0 0]" log=main
time="2022-12-30T15:41:52+08:00" level=info msg="[14 3 246 0 0 0 3 1 0 0]" log=main
time="2022-12-30T15:41:52+08:00" level=info msg="[13 3 247 0 0 0 3 2 0 0 0 0]" log=main
time="2022-12-30T15:41:52+08:00" level=info msg="[14 3 247 0 0 0 3 1 0 0]" log=main
time="2022-12-30T15:41:52+08:00" level=info msg="[13 3 248 0 0 0 3 2 0 0 0 0]" log=main
time="2022-12-30T15:41:52+08:00" level=info msg="[14 3 248 0 0 0 3 1 0 0]" log=main
time="2022-12-30T15:41:52+08:00" level=info msg="[13 3 249 0 0 0 3 2 0 0 0 0]" log=main
time="2022-12-30T15:41:52+08:00" level=info msg="[14 3 248 0 0 0 3 1 0 0]" log=main
time="2022-12-30T15:41:52+08:00" level=info msg="[13 3 250 0 0 0 3 4 0 0 0 0 0 0 0 0]" log=main
time="2022-12-30T15:41:52+08:00" level=info msg="[14 3 249 0 0 0 3 1 0 0]" log=main
time="2022-12-30T15:41:52+08:00" level=info msg="[14 3 250 0 0 0 3 1 0 0]" log=main
time="2022-12-30T15:41:52+08:00" level=info msg="[13 3 251 0 0 0 3 4 0 0 0 0 0 0 0 0]" log=main
time="2022-12-30T15:41:52+08:00" level=info msg="[14 3 251 0 0 0 3 1 0 0]" log=main
time="2022-12-30T15:41:52+08:00" level=info msg="[13 3 252 0 0 0 3 2 0 0 0 0]" log=main
time="2022-12-30T15:41:52+08:00" level=info msg="[14 3 252 0 0 0 3 1 0 0]" log=main
time="2022-12-30T15:41:52+08:00" level=info msg="[13 3 253 0 0 0 3 2 0 0 0 0]" log=main
time="2022-12-30T15:41:52+08:00" level=info msg="[13 3 254 0 0 0 3 4 0 0 0 0 0 0 0 0]" log=main
time="2022-12-30T15:41:52+08:00" level=info msg="[13 3 255 0 0 0 3 6 0 0 0 0 0 0 0 0 0 0 0 0]" log=main
time="2022-12-30T15:41:52+08:00" level=info msg="[13 3 0 1 0 0 3 8 0 0 0 0 0 0 0 0 0 0 0 0 0 0 0 0]" log=main
time="2022-12-30T15:41:52+08:00" level=info msg="[4 1 0 0 0]" log=main
time="2022-12-30T15:41:52+08:00" level=info msg="[13 3 1 1 0 0 3 10 0 0 0 0 0 0 0 0 0 0 0 0 0 0 0 0 0 0 0 0]" log=main
time="2022-12-30T15:41:52+08:00" level=info msg="[13 3 2 1 0 0 3 12 0 0 0 0 0 0 0 0 0 0 0 0 0 0 0 0 0 0 0 0 0 0 0 0]" log=main
time="2022-12-30T15:41:52+08:00" level=info msg="[13 3 2 1 0 0 3 12 0 0 0 0 0 0 0 0 0 0 0 0 0 0 0 0 0 0 0 0 0 0 0 0]" log=main
time="2022-12-30T15:41:52+08:00" level=info msg="[4 1 0 0 0]" log=main
time="2022-12-30T15:41:52+08:00" level=info msg="[13 3 2 1 0 0 3 12 0 0 0 0 0 0 0 0 0 0 0 0 0 0 0 0 0 0 0 0 0 0 0 0]" log=main
time="2022-12-30T15:41:52+08:00" level=info msg="[13 3 2 1 0 0 3 12 0 0 0 0 0 0 0 0 0 0 0 0 0 0 0 0 0 0 0 0 0 0 0 0]" log=main
time="2022-12-30T15:41:52+08:00" level=info msg="[13 3 2 1 0 0 3 12 0 0 0 0 0 0 0 0 0 0 0 0 0 0 0 0 0 0 0 0 0 0 0 0]" log=main
time="2022-12-30T15:41:52+08:00" level=info msg="[13 3 2 1 0 0 3 12 0 0 0 0 0 0 0 0 0 0 0 0 0 0 0 0 0 0 0 0 0 0 0 0]" log=main
time="2022-12-30T15:41:52+08:00" level=info msg="[13 3 2 1 0 0 3 12 0 0 0 0 0 0 0 0 0 0 0 0 0 0 0 0 0 0 0 0 0 0 0 0]" log=main
time="2022-12-30T15:41:52+08:00" level=info msg="[13 3 2 1 0 0 3 12 0 0 0 0 0 0 0 0 0 0 0 0 0 0 0 0 0 0 0 0 0 0 0 0]" log=main
time="2022-12-30T15:41:52+08:00" level=info msg="[13 3 2 1 0 0 3 12 0 0 0 0 0 0 0 0 0 0 0 0 0 0 0 0 0 0 0 0 0 0 0 0]" log=main
time="2022-12-30T15:41:52+08:00" level=info msg="[13 3 2 1 0 0 3 12 0 0 0 0 0 0 0 0 0 0 0 0 0 0 0 0 0 0 0 0 0 0 0 0]" log=main
time="2022-12-30T15:41:52+08:00" level=info msg="[13 3 2 1 0 0 3 12 0 0 0 0 0 0 0 0 0 0 0 0 0 0 0 0 0 0 0 0 0 0 0 0]" log=main
time="2022-12-30T15:41:52+08:00" level=info msg="[13 3 2 1 0 0 3 12 0 0 0 0 0 0 0 0 0 0 0 0 0 0 0 0 0 0 0 0 0 0 0 0]" log=main
time="2022-12-30T15:41:52+08:00" level=info msg="[13 3 2 1 0 0 3 12 0 0 0 0 0 0 0 0 0 0 0 0 0 0 0 0 0 0 0 0 0 0 0 0]" log=main
time="2022-12-30T15:41:52+08:00" level=info msg="[13 3 2 1 0 0 3 12 0 0 0 0 0 0 0 0 0 0 0 0 0 0 0 0 0 0 0 0 0 0 0 0]" log=main
time="2022-12-30T15:41:52+08:00" level=info msg="[13 3 2 1 0 0 3 12 0 0 0 0 0 0 0 0 0 0 0 0 0 0 0 0 0 0 0 0 0 0 0 0]" log=main
time="2022-12-30T15:41:52+08:00" level=info msg="[13 3 2 1 0 0 3 12 0 0 0 0 0 0 0 0 0 0 0 0 0 0 0 0 0 0 0 0 0 0 0 0]" log=main
time="2022-12-30T15:41:52+08:00" level=info msg="[13 3 2 1 0 0 3 12 0 0 0 0 0 0 0 0 0 0 0 0 0 0 0 0 0 0 0 0 0 0 0 0]" log=main
time="2022-12-30T15:41:52+08:00" level=info msg="[13 3 2 1 0 0 3 12 0 0 0 0 0 0 0 0 0 0 0 0 0 0 0 0 0 0 0 0 0 0 0 0]" log=main
time="2022-12-30T15:41:52+08:00" level=info msg="[13 3 2 1 0 0 3 12 0 0 0 0 0 0 0 0 0 0 0 0 0 0 0 0 0 0 0 0 0 0 0 0]" log=main
time="2022-12-30T15:41:52+08:00" level=info msg="[13 3 2 1 0 0 3 12 0 0 0 0 0 0 0 0 0 0 0 0 0 0 0 0 0 0 0 0 0 0 0 0]" log=main
time="2022-12-30T15:41:52+08:00" level=info msg="[13 3 2 1 0 0 3 12 0 0 0 0 0 0 0 0 0 0 0 0 0 0 0 0 0 0 0 0 0 0 0 0]" log=main
time="2022-12-30T15:41:52+08:00" level=info msg="[13 3 2 1 0 0 3 12 0 0 0 0 0 0 0 0 0 0 0 0 0 0 0 0 0 0 0 0 0 0 0 0]" log=main
time="2022-12-30T15:41:52+08:00" level=info msg="[13 3 2 1 0 0 3 12 0 0 0 0 0 0 0 0 0 0 0 0 0 0 0 0 0 0 0 0 0 0 0 0]" log=main
time="2022-12-30T15:41:52+08:00" level=info msg="[13 3 2 1 0 0 3 12 0 0 0 0 0 0 0 0 0 0 0 0 0 0 0 0 0 0 0 0 0 0 0 0]" log=main
time="2022-12-30T15:41:52+08:00" level=info msg="[13 3 2 1 0 0 3 12 0 0 0 0 0 0 0 0 0 0 0 0 0 0 0 0 0 0 0 0 0 0 0 0]" log=main
time="2022-12-30T15:41:52+08:00" level=info msg="[13 3 2 1 0 0 3 12 0 0 0 0 0 0 0 0 0 0 0 0 0 0 0 0 0 0 0 0 0 0 0 0]" log=main
time="2022-12-30T15:41:53+08:00" level=info msg="[13 3 2 1 0 0 3 12 0 0 0 0 0 0 0 0 0 0 0 0 0 0 0 0 0 0 0 0 0 0 0 0]" log=main
time="2022-12-30T15:41:53+08:00" level=info msg="[13 3 2 1 0 0 3 12 0 0 0 0 0 0 0 0 0 0 0 0 0 0 0 0 0 0 0 0 0 0 0 0]" log=main
time="2022-12-30T15:41:53+08:00" level=info msg="[4 1 0 0 0]" log=main
time="2022-12-30T15:41:53+08:00" level=info msg="[13 3 2 1 0 0 3 12 0 0 0 0 0 0 0 0 0 0 0 0 0 0 0 0 0 0 0 0 0 0 0 0]" log=main
time="2022-12-30T15:41:53+08:00" level=info msg="[13 3 2 1 0 0 3 12 0 0 0 0 0 0 0 0 0 0 0 0 0 0 0 0 0 0 0 0 0 0 0 0]" log=main
time="2022-12-30T15:41:53+08:00" level=info msg="[13 3 2 1 0 0 3 12 0 0 0 0 0 0 0 0 0 0 0 0 0 0 0 0 0 0 0 0 0 0 0 0]" log=main
time="2022-12-30T15:41:53+08:00" level=info msg="[13 3 2 1 0 0 3 12 0 0 0 0 0 0 0 0 0 0 0 0 0 0 0 0 0 0 0 0 0 0 0 0]" log=main
time="2022-12-30T15:41:53+08:00" level=info msg="[4 1 0 0 0]" log=main
time="2022-12-30T15:41:53+08:00" level=info msg="[13 3 2 1 0 0 3 12 0 0 0 0 0 0 0 0 0 0 0 0 0 0 0 0 0 0 0 0 0 0 0 0]" log=main
time="2022-12-30T15:41:53+08:00" level=info msg="[13 3 2 1 0 0 3 12 0 0 0 0 0 0 0 0 0 0 0 0 0 0 0 0 0 0 0 0 0 0 0 0]" log=main
time="2022-12-30T15:41:53+08:00" level=info msg="[13 3 2 1 0 0 3 12 0 0 0 0 0 0 0 0 0 0 0 0 0 0 0 0 0 0 0 0 0 0 0 0]" log=main
time="2022-12-30T15:41:53+08:00" level=info msg="[13 3 2 1 0 0 3 12 0 0 0 0 0 0 0 0 0 0 0 0 0 0 0 0 0 0 0 0 0 0 0 0]" log=main
time="2022-12-30T15:41:53+08:00" level=info msg="[13 3 2 1 0 0 3 12 0 0 0 0 0 0 0 0 0 0 0 0 0 0 0 0 0 0 0 0 0 0 0 0]" log=main
time="2022-12-30T15:41:53+08:00" level=info msg="[13 3 2 1 0 0 3 12 0 0 0 0 0 0 0 0 0 0 0 0 0 0 0 0 0 0 0 0 0 0 0 0]" log=main
time="2022-12-30T15:41:53+08:00" level=info msg="[13 3 2 1 0 0 3 12 0 0 0 0 0 0 0 0 0 0 0 0 0 0 0 0 0 0 0 0 0 0 0 0]" log=main
time="2022-12-30T15:41:53+08:00" level=info msg="[13 3 2 1 0 0 3 12 0 0 0 0 0 0 0 0 0 0 0 0 0 0 0 0 0 0 0 0 0 0 0 0]" log=main
time="2022-12-30T15:41:53+08:00" level=info msg="[13 3 2 1 0 0 3 12 0 0 0 0 0 0 0 0 0 0 0 0 0 0 0 0 0 0 0 0 0 0 0 0]" log=main
time="2022-12-30T15:41:53+08:00" level=info msg="[13 3 2 1 0 0 3 12 0 0 0 0 0 0 0 0 0 0 0 0 0 0 0 0 0 0 0 0 0 0 0 0]" log=main
time="2022-12-30T15:41:53+08:00" level=info msg="[13 3 2 1 0 0 3 12 0 0 0 0 0 0 0 0 0 0 0 0 0 0 0 0 0 0 0 0 0 0 0 0]" log=main
time="2022-12-30T15:41:53+08:00" level=info msg="[13 3 2 1 0 0 3 12 0 0 0 0 0 0 0 0 0 0 0 0 0 0 0 0 0 0 0 0 0 0 0 0]" log=main
time="2022-12-30T15:41:53+08:00" level=info msg="[13 3 2 1 0 0 3 12 0 0 0 0 0 0 0 0 0 0 0 0 0 0 0 0 0 0 0 0 0 0 0 0]" log=main
time="2022-12-30T15:41:53+08:00" level=info msg="[13 3 2 1 0 0 3 12 0 0 0 0 0 0 0 0 0 0 0 0 0 0 0 0 0 0 0 0 0 0 0 0]" log=main
time="2022-12-30T15:41:53+08:00" level=info msg="[13 3 2 1 0 0 3 12 0 0 0 0 0 0 0 0 0 0 0 0 0 0 0 0 0 0 0 0 0 0 0 0]" log=main
time="2022-12-30T15:41:53+08:00" level=info msg="[13 3 2 1 0 0 3 12 0 0 0 0 0 0 0 0 0 0 0 0 0 0 0 0 0 0 0 0 0 0 0 0]" log=main
time="2022-12-30T15:41:53+08:00" level=info msg="[13 3 2 1 0 0 3 12 0 0 0 0 0 0 0 0 0 0 0 0 0 0 0 0 0 0 0 0 0 0 0 0]" log=main
time="2022-12-30T15:41:53+08:00" level=info msg="[13 3 2 1 0 0 3 12 0 0 0 0 0 0 0 0 0 0 0 0 0 0 0 0 0 0 0 0 0 0 0 0]" log=main
time="2022-12-30T15:41:53+08:00" level=info msg="[13 3 2 1 0 0 3 12 0 0 0 0 0 0 0 0 0 0 0 0 0 0 0 0 0 0 0 0 0 0 0 0]" log=main
time="2022-12-30T15:41:53+08:00" level=info msg="[13 3 2 1 0 0 3 12 0 0 0 0 0 0 0 0 0 0 0 0 0 0 0 0 0 0 0 0 0 0 0 0]" log=main
time="2022-12-30T15:41:53+08:00" level=info msg="[13 3 2 1 0 0 3 12 0 0 0 0 0 0 0 0 0 0 0 0 0 0 0 0 0 0 0 0 0 0 0 0]" log=main
time="2022-12-30T15:41:53+08:00" level=info msg="[13 3 2 1 0 0 3 12 0 0 0 0 0 0 0 0 0 0 0 0 0 0 0 0 0 0 0 0 0 0 0 0]" log=main
time="2022-12-30T15:41:53+08:00" level=info msg="[13 3 2 1 0 0 3 12 0 0 0 0 0 0 0 0 0 0 0 0 0 0 0 0 0 0 0 0 0 0 0 0]" log=main
time="2022-12-30T15:41:53+08:00" level=info msg="[13 3 2 1 0 0 3 12 0 0 0 0 0 0 0 0 0 0 0 0 0 0 0 0 0 0 0 0 0 0 0 0]" log=main
time="2022-12-30T15:41:53+08:00" level=info msg="[11]" log=main
time="2022-12-30T15:41:53+08:00" level=info msg="[11]" log=main
time="2022-12-30T15:41:53+08:00" level=info msg="[1 2 0 18 38 127 0 0 1 85 85 85 85 0 0 0 0 2 0 18 38 127 0 0 1 85 85 85 85 0 0 0 0 0 0 0 0]" log=main
time="2022-12-30T15:41:53+08:00" level=info msg="[1 2 0 18 38 127 0 0 1 85 85 85 85 0 0 0 0 2 0 18 38 127 0 0 1 85 85 85 85 0 0 0 0 0 0 0 0]" log=main
time="2022-12-30T15:41:53+08:00" level=info msg="[1 2 0 18 38 127 0 0 1 85 85 85 85 0 0 0 0 2 0 18 38 127 0 0 1 85 85 85 85 0 0 0 0 0 0 0 0]" log=main
time="2022-12-30T15:41:53+08:00" level=info msg="[3]" log=main
time="2022-12-30T15:41:53+08:00" level=info msg="[1 2 0 18 38 127 0 0 1 85 85 85 85 0 0 0 0 2 0 18 38 127 0 0 1 85 85 85 85 0 0 0 0 0 0 0 0]" log=main
time="2022-12-30T15:41:53+08:00" level=info msg="[1 2 0 18 38 127 0 0 1 85 85 85 85 0 0 0 0 2 0 18 38 127 0 0 1 85 85 85 85 0 0 0 0 24 46 0 0]" log=main
time="2022-12-30T15:41:53+08:00" level=info msg="[3]" log=main
time="2022-12-30T15:41:53+08:00" level=info msg="[3]" log=main
time="2022-12-30T15:41:53+08:00" level=info msg="[3]" log=main
time="2022-12-30T15:41:53+08:00" level=info msg="[3]" log=main
